<?xml version="1.0" encoding="UTF-8"?>
<!-- Generated by org.testng.reporters.JUnitReportReporter -->
<testsuite hostname="DESKTOP-3ORSLE9" failures="0" tests="3" name="com.crm.qa.testCases.LoginPageTest" time="34.446" errors="0" timestamp="2024-11-21T12:48:42 IST" skipped="0">
  <testcase classname="com.crm.qa.testCases.LoginPageTest" name="LoginPageTitleTest" time="11.075"/>
  <testcase classname="com.crm.qa.testCases.LoginPageTest" name="loginPageCrmLogoTest" time="12.164"/>
  <testcase classname="com.crm.qa.testCases.LoginPageTest" name="loginTest" time="11.207"/>
</testsuite> <!-- com.crm.qa.testCases.LoginPageTest -->
